{"level":"info","time":"2026-07-23T08:06:40Z","message":"Thank you for trying Cloudflare Tunnel. Doing so, without a Cloudflare account, is a quick way to experiment and try it out. However, be aware that these account-less Tunnels have no uptime guarantee, are subject to the Cloudflare Online Services Terms of Use (https://www.cloudflare.com/website-terms/), and Cloudflare reserves the right to investigate your use of Tunnels for violations of such terms. If you intend to use Tunnels in production you should use a pre-created named tunnel by following: https://developers.cloudflare.com/cloudflare-one/connections/connect-apps"}
{"level":"info","time":"2026-07-23T08:06:40Z","message":"Requesting new quick Tunnel on trycloudflare.com..."}
{"level":"info","time":"2026-07-23T08:06:43Z","message":"+--------------------------------------------------------------------------------------------+"}
{"level":"info","time":"2026-07-23T08:06:43Z","message":"|  Your quick Tunnel has been created! Visit it at (it may take some time to be reachable):  |"}
{"level":"info","time":"2026-07-23T08:06:43Z","message":"|  https://pills-technologies-bras-challenge.trycloudflare.com                               |"}
{"level":"info","time":"2026-07-23T08:06:43Z","message":"+--------------------------------------------------------------------------------------------+"}
{"level":"info","time":"2026-07-23T08:06:43Z","message":"Cannot determine default configuration path. No file [config.yml config.yaml] in [~/.cloudflared ~/.cloudflare-warp ~/cloudflare-warp]"}
{"level":"info","time":"2026-07-23T08:06:43Z","message":"Version 2026.7.1 (Checksum ccb0756de288d3c2c076d19764ca53e0849a10f2dd9c23f8656ac42bdeb45001)"}
{"level":"info","time":"2026-07-23T08:06:43Z","message":"GOOS: windows, GOVersion: go1.26.4, GoArch: amd64"}
{"level":"info","time":"2026-07-23T08:06:44Z","message":"Settings: map[ha-connections:1 logfile:cloudflared.log loglevel:info p:http2 protocol:http2 url:tcp://localhost:3389]"}
{"level":"info","time":"2026-07-23T08:06:44Z","message":"cloudflared will not automatically update on Windows systems."}
{"level":"info","time":"2026-07-23T08:06:44Z","message":"Generated Connector ID: a27b32e6-48a6-490c-a93a-ef2370f40ebb"}
{"level":"info","time":"2026-07-23T08:06:44Z","message":"Initial protocol http2"}
{"level":"info","time":"2026-07-23T08:06:44Z","message":"ICMP proxy will use 10.1.0.113 as source for IPv4"}
{"level":"info","time":"2026-07-23T08:06:44Z","message":"ICMP proxy will use fe80::78cd:caad:c310:a4a1 in zone Ethernet 3 as source for IPv6"}
{"level":"info","time":"2026-07-23T08:06:44Z","message":"ICMP proxy will use 10.1.0.113 as source for IPv4"}
{"level":"info","event":0,"ip":"198.41.200.13","connIndex":0,"time":"2026-07-23T08:06:44Z","message":"Tunnel connection curve preferences: [X25519MLKEM768 CurveID(65074) CurveP256]"}
{"level":"info","time":"2026-07-23T08:06:44Z","message":"ICMP proxy will use fe80::78cd:caad:c310:a4a1 in zone Ethernet 3 as source for IPv6"}
{"level":"info","time":"2026-07-23T08:06:44Z","message":"Starting metrics server on 127.0.0.1:20241/metrics"}
{"level":"info","time":"2026-07-23T08:06:44Z","message":"+--------------------------------------------------------------------------------------+"}
{"level":"info","time":"2026-07-23T08:06:44Z","message":"|                               CONNECTIVITY PRE-CHECKS                                |"}
{"level":"info","time":"2026-07-23T08:06:44Z","message":"+--------------------------------------------------------------------------------------+"}
{"level":"info","time":"2026-07-23T08:06:44Z","message":"|  COMPONENT         TARGET                     STATUS  DETAILS                        |"}
{"level":"info","time":"2026-07-23T08:06:44Z","message":"|  DNS Resolution    region1.v2.argotunnel.com  PASS    DNS Resolved successfully      |"}
{"level":"info","time":"2026-07-23T08:06:44Z","message":"|  DNS Resolution    region2.v2.argotunnel.com  PASS    DNS Resolved successfully      |"}
{"level":"info","time":"2026-07-23T08:06:44Z","message":"|  UDP Connectivity  region1.v2.argotunnel.com  PASS    QUIC connection successful     |"}
{"level":"info","time":"2026-07-23T08:06:44Z","message":"|  UDP Connectivity  region2.v2.argotunnel.com  PASS    QUIC connection successful     |"}
{"level":"info","time":"2026-07-23T08:06:44Z","message":"|  TCP Connectivity  region1.v2.argotunnel.com  PASS    HTTP/2 connection successful   |"}
{"level":"info","time":"2026-07-23T08:06:44Z","message":"|  TCP Connectivity  region2.v2.argotunnel.com  PASS    HTTP/2 connection successful   |"}
{"level":"info","time":"2026-07-23T08:06:44Z","message":"|  Cloudflare API    api.cloudflare.com:443     PASS    API is reachable               |"}
{"level":"info","time":"2026-07-23T08:06:44Z","message":"|                                                                                      |"}
{"level":"info","time":"2026-07-23T08:06:44Z","message":"|  SUMMARY: Environment is healthy. cloudflared will use 'http2' as primary protocol.  |"}
{"level":"info","time":"2026-07-23T08:06:44Z","message":"+--------------------------------------------------------------------------------------+"}
{"level":"info","run_id":"a76c26d6-498f-4a6e-b039-52543db71e0e","component":"DNS Resolution","target":"region1.v2.argotunnel.com","status":"pass","details":"DNS Resolved successfully","time":"2026-07-23T08:06:44Z","message":"precheck"}
{"level":"info","run_id":"a76c26d6-498f-4a6e-b039-52543db71e0e","component":"DNS Resolution","target":"region2.v2.argotunnel.com","status":"pass","details":"DNS Resolved successfully","time":"2026-07-23T08:06:44Z","message":"precheck"}
{"level":"info","run_id":"a76c26d6-498f-4a6e-b039-52543db71e0e","component":"UDP Connectivity","target":"region1.v2.argotunnel.com","status":"pass","details":"QUIC connection successful","time":"2026-07-23T08:06:44Z","message":"precheck"}
{"level":"info","run_id":"a76c26d6-498f-4a6e-b039-52543db71e0e","component":"UDP Connectivity","target":"region2.v2.argotunnel.com","status":"pass","details":"QUIC connection successful","time":"2026-07-23T08:06:44Z","message":"precheck"}
{"level":"info","run_id":"a76c26d6-498f-4a6e-b039-52543db71e0e","component":"TCP Connectivity","target":"region1.v2.argotunnel.com","status":"pass","details":"HTTP/2 connection successful","time":"2026-07-23T08:06:44Z","message":"precheck"}
{"level":"info","run_id":"a76c26d6-498f-4a6e-b039-52543db71e0e","component":"TCP Connectivity","target":"region2.v2.argotunnel.com","status":"pass","details":"HTTP/2 connection successful","time":"2026-07-23T08:06:44Z","message":"precheck"}
{"level":"info","run_id":"a76c26d6-498f-4a6e-b039-52543db71e0e","component":"Cloudflare API","target":"api.cloudflare.com:443","status":"pass","details":"API is reachable","time":"2026-07-23T08:06:44Z","message":"precheck"}
{"level":"info","run_id":"a76c26d6-498f-4a6e-b039-52543db71e0e","hard_fail":false,"suggested_protocol":"http2","time":"2026-07-23T08:06:44Z","message":"precheck complete"}
{"level":"info","event":0,"connection":"ce11d5b6-0c97-4fc3-b12c-e31fe766c613","connIndex":0,"location":"ord08","ip":"198.41.200.13","protocol":"http2","time":"2026-07-23T08:06:44Z","message":"Registered tunnel connection"}
